0 info it worked if it ends with ok
1 verbose cli [ 'C:\\Program Files\\nodejs\\node.exe',
1 verbose cli   'C:\\Program Files\\nodejs\\node_modules\\npm\\bin\\npm-cli.js',
1 verbose cli   'run',
1 verbose cli   'unit',
1 verbose cli   '--no-cache' ]
2 info using npm@6.4.1
3 info using node@v8.12.0
4 verbose run-script [ 'preunit', 'unit', 'postunit' ]
5 info lifecycle smart-x-vue@1.0.0~preunit: smart-x-vue@1.0.0
6 info lifecycle smart-x-vue@1.0.0~unit: smart-x-vue@1.0.0
7 verbose lifecycle smart-x-vue@1.0.0~unit: unsafe-perm in lifecycle true
8 verbose lifecycle smart-x-vue@1.0.0~unit: PATH: C:\Program Files\nodejs\node_modules\npm\node_modules\npm-lifecycle\node-gyp-bin;C:\dev\smart-x-vue\node_modules\.bin;C:\Program Files (x86)\Business Objects\Common\3.5\bin\NOTES\;C:\Program Files (x86)\Business Objects\Common\3.5\bin\NOTES\DATA\;C:\windows\system32;C:\windows;C:\windows\System32\Wbem;C:\windows\System32\WindowsPowerShell\v1.0\;C:\Program Files (x86)\HEAT\;C:\Program Files\nodejs\;C:\Program Files\dotnet\;C:\Program Files\Microsoft SQL Server\130\Tools\Binn\;C:\windows\system32\config\systemprofile\.dnx\bin;C:\Program Files\Microsoft DNX\Dnvm\;C:\Program Files\Microsoft SQL Server\120\Tools\Binn\;C:\Program Files\Microsoft SQL Server\Client SDK\ODBC\110\Tools\Binn\;C:\Program Files (x86)\Microsoft SQL Server\120\Tools\Binn\ManagementStudio\;C:\Program Files (x86)\Microsoft SQL Server\120\Tools\Binn\;C:\Program Files (x86)\Microsoft SQL Server\120\DTS\Binn\;C:\Program Files\Microsoft SQL Server\120\DTS\Binn\;C:\Program Files (x86)\Microsoft SQL Server\Client SDK\ODBC\130\Tools\Binn\;C:\Program Files (x86)\Microsoft SQL Server\140\Tools\Binn\;C:\Program Files (x86)\Microsoft SQL Server\140\DTS\Binn\;C:\Program Files (x86)\Microsoft SQL Server\140\Tools\Binn\ManagementStudio\;C:\Users\JMST225\AppData\Local\Microsoft\WindowsApps;C:\Users\JMST225\AppData\Local\Programs\Microsoft VS Code\bin;C:\Users\JMST225\AppData\Roaming\npm;C:\Users\JMST225\AppData\Local\Programs\Git\cmd
9 verbose lifecycle smart-x-vue@1.0.0~unit: CWD: C:\dev\smart-x-vue
10 silly lifecycle smart-x-vue@1.0.0~unit: Args: [ '/d /s /c', 'vue-cli-service test:unit' ]
11 silly lifecycle smart-x-vue@1.0.0~unit: Returned: code: 1  signal: null
12 info lifecycle smart-x-vue@1.0.0~unit: Failed to exec unit script
13 verbose stack Error: smart-x-vue@1.0.0 unit: `vue-cli-service test:unit`
13 verbose stack Exit status 1
13 verbose stack     at EventEmitter.<anonymous> (C:\Program Files\nodejs\node_modules\npm\node_modules\npm-lifecycle\index.js:301:16)
13 verbose stack     at emitTwo (events.js:126:13)
13 verbose stack     at EventEmitter.emit (events.js:214:7)
13 verbose stack     at ChildProcess.<anonymous> (C:\Program Files\nodejs\node_modules\npm\node_modules\npm-lifecycle\lib\spawn.js:55:14)
13 verbose stack     at emitTwo (events.js:126:13)
13 verbose stack     at ChildProcess.emit (events.js:214:7)
13 verbose stack     at maybeClose (internal/child_process.js:915:16)
13 verbose stack     at Process.ChildProcess._handle.onexit (internal/child_process.js:209:5)
14 verbose pkgid smart-x-vue@1.0.0
15 verbose cwd C:\dev\smart-x-vue
16 verbose Windows_NT 10.0.16299
17 verbose argv "C:\\Program Files\\nodejs\\node.exe" "C:\\Program Files\\nodejs\\node_modules\\npm\\bin\\npm-cli.js" "run" "unit" "--no-cache"
18 verbose node v8.12.0
19 verbose npm  v6.4.1
20 error code ELIFECYCLE
21 error errno 1
22 error smart-x-vue@1.0.0 unit: `vue-cli-service test:unit`
22 error Exit status 1
23 error Failed at the smart-x-vue@1.0.0 unit script.
23 error This is probably not a problem with npm. There is likely additional logging output above.
24 verbose exit [ 1, true ]
